<?xml version="1.0" encoding="UTF-8"?>
<testng-results skipped="0" failed="0" total="3" passed="3">
  <reporter-output>
  </reporter-output>
  <suite name="Suite" duration-ms="92" started-at="2018-06-02T22:39:04Z" finished-at="2018-06-02T22:39:04Z">
    <groups>
    </groups>
    <test name="Test" duration-ms="92" started-at="2018-06-02T22:39:04Z" finished-at="2018-06-02T22:39:04Z">
      <class name="SampleMaven.SampleGit.SampleClsB">
        <test-method status="PASS" signature="f1()" name="f1" duration-ms="0" started-at="2018-06-02T22:39:04Z" finished-at="2018-06-02T22:39:04Z">
        </test-method>
        <test-method status="PASS" signature="f2()" name="f2" duration-ms="1" started-at="2018-06-02T22:39:04Z" finished-at="2018-06-02T22:39:04Z">
        </test-method>
      </class>
      <class name="SampleMaven.SampleGit.SampleClsA">
        <test-method status="PASS" signature="f1()" name="f1" duration-ms="64" started-at="2018-06-02T22:39:04Z" finished-at="2018-06-02T22:39:04Z">
        </test-method>
      </class>
    </test>
  </suite>
</testng-results>
